-------------------------------------------------------------------------------
Test set: com.specification.SpecificationApplicationTests
-------------------------------------------------------------------------------
Tests run: 1, Failures: 0, Errors: 1, Skipped: 0, Time elapsed: 3.348 s <<< FAILURE! - in com.specification.SpecificationApplicationTests
contextLoads  Time elapsed: 0.001 s  <<< ERROR!
java.lang.IllegalStateException: Failed to load ApplicationContext
Caused by: org.springframework.beans.factory.BeanCreationException: Error creating bean with name 'userServiceImpl': Injection of autowired dependencies failed; nested exception is java.lang.IllegalArgumentException: Could not resolve placeholder 'pagination.page.size.default' in value "${pagination.page.size.default}"
Caused by: java.lang.IllegalArgumentException: Could not resolve placeholder 'pagination.page.size.default' in value "${pagination.page.size.default}"

